
*** Running vivado
    with args -log RAM_Module.vds -m64 -mode batch -messageDb vivado.pb -notrace -source RAM_Module.tcl

WARNING: Default location for XILINX_VIVADO_HLS not found: 

****** Vivado v2015.2 (64-bit)
  **** SW Build 1266856 on Fri Jun 26 16:35:25 MDT 2015
  **** IP Build 1264090 on Wed Jun 24 14:22:01 MDT 2015
    ** Copyright 1986-2015 Xilinx, Inc. All Rights Reserved.

source RAM_Module.tcl -notrace
Command: synth_design -top RAM_Module -part xc7a100tcsg324-1 -flatten_hierarchy none
Starting synth_design
Attempting to get a license for feature 'Synthesis' and/or device 'xc7a100t'
INFO: [Common 17-349] Got license for feature 'Synthesis' and/or device 'xc7a100t'
INFO: [Common 17-1223] The version limit for your license is '2017.08' and will expire in -272 days. A version limit expiration means that, although you may be able to continue to use the current version of tools or IP with this license, you will not be eligible for any updates or new releases.
---------------------------------------------------------------------------------
Starting RTL Elaboration : Time (s): cpu = 00:00:06 ; elapsed = 00:00:07 . Memory (MB): peak = 244.645 ; gain = 68.652
---------------------------------------------------------------------------------
INFO: [Synth 8-638] synthesizing module 'RAM_Module' [C:/Users/vamsi/Desktop/AXI_Slave_Interface/AXI_RAM_SLAVE/AXI_RAM_SLAVE.srcs/sources_1/new/RAM_Module.v:23]
	Parameter DATA_WIDTH bound to: 32 - type: integer 
	Parameter ADDRESS_WIDTH bound to: 10 - type: integer 
	Parameter RAM_DEPTH bound to: 256 - type: integer 
INFO: [Synth 8-256] done synthesizing module 'RAM_Module' (1#1) [C:/Users/vamsi/Desktop/AXI_Slave_Interface/AXI_RAM_SLAVE/AXI_RAM_SLAVE.srcs/sources_1/new/RAM_Module.v:23]
---------------------------------------------------------------------------------
Finished RTL Elaboration : Time (s): cpu = 00:00:48 ; elapsed = 00:00:54 . Memory (MB): peak = 643.016 ; gain = 467.023
---------------------------------------------------------------------------------

Report Check Netlist: 
+------+------------------+-------+---------+-------+------------------+
|      |Item              |Errors |Warnings |Status |Description       |
+------+------------------+-------+---------+-------+------------------+
|1     |multi_driven_nets |      0|        0|Passed |Multi driven nets |
+------+------------------+-------+---------+-------+------------------+
---------------------------------------------------------------------------------
Finished RTL Optimization Phase 1 : Time (s): cpu = 00:00:54 ; elapsed = 00:01:04 . Memory (MB): peak = 643.016 ; gain = 467.023
---------------------------------------------------------------------------------
INFO: [Device 21-403] Loading part xc7a100tcsg324-1
INFO: [Project 1-570] Preparing netlist for logic optimization

Processing XDC Constraints
Initializing timing engine
Parsing XDC File [C:/Users/vamsi/Desktop/AXI_Slave_Interface/AXI_RAM_SLAVE/AXI_RAM_SLAVE.srcs/constrs_1/new/AXI_Slave_Constraints.xdc]
Finished Parsing XDC File [C:/Users/vamsi/Desktop/AXI_Slave_Interface/AXI_RAM_SLAVE/AXI_RAM_SLAVE.srcs/constrs_1/new/AXI_Slave_Constraints.xdc]
Completed Processing XDC Constraints

INFO: [Project 1-111] Unisim Transformation Summary:
No Unisim elements were transformed.

Constraint Validation Runtime : Time (s): cpu = 00:00:00 ; elapsed = 00:00:00.313 . Memory (MB): peak = 959.770 ; gain = 0.000
---------------------------------------------------------------------------------
Finished Constraint Validation : Time (s): cpu = 00:01:23 ; elapsed = 00:01:40 . Memory (MB): peak = 959.770 ; gain = 783.777
---------------------------------------------------------------------------------
---------------------------------------------------------------------------------
Start Loading Part and Timing Information
---------------------------------------------------------------------------------
Loading part: xc7a100tcsg324-1
---------------------------------------------------------------------------------
Finished Loading Part and Timing Information : Time (s): cpu = 00:01:23 ; elapsed = 00:01:41 . Memory (MB): peak = 959.770 ; gain = 783.777
---------------------------------------------------------------------------------
---------------------------------------------------------------------------------
Start Applying 'set_property' XDC Constraints
---------------------------------------------------------------------------------
---------------------------------------------------------------------------------
Finished applying 'set_property' XDC Constraints : Time (s): cpu = 00:01:23 ; elapsed = 00:01:41 . Memory (MB): peak = 959.770 ; gain = 783.777
---------------------------------------------------------------------------------
INFO: [Synth 8-5545] ROM "mem_reg[0][0]" won't be mapped to RAM because address size (32) is larger than maximum supported(18)
INFO: [Synth 8-5545] ROM "mem_reg[0][0]" won't be mapped to RAM because address size (32) is larger than maximum supported(18)
INFO: [Synth 8-5545] ROM "mem_reg[0][0]" won't be mapped to RAM because address size (32) is larger than maximum supported(18)
INFO: [Synth 8-5545] ROM "mem_reg[0][0]" won't be mapped to RAM because address size (32) is larger than maximum supported(18)
INFO: [Synth 8-5545] ROM "mem_reg[0][1]" won't be mapped to RAM because address size (32) is larger than maximum supported(18)
INFO: [Synth 8-5545] ROM "mem_reg[0][1]" won't be mapped to RAM because address size (32) is larger than maximum supported(18)
INFO: [Synth 8-5545] ROM "mem_reg[0][1]" won't be mapped to RAM because address size (32) is larger than maximum supported(18)
INFO: [Synth 8-5545] ROM "mem_reg[0][1]" won't be mapped to RAM because address size (32) is larger than maximum supported(18)
INFO: [Synth 8-5545] ROM "mem_reg[0][2]" won't be mapped to RAM because address size (32) is larger than maximum supported(18)
INFO: [Synth 8-5545] ROM "mem_reg[0][2]" won't be mapped to RAM because address size (32) is larger than maximum supported(18)
INFO: [Synth 8-5545] ROM "mem_reg[0][2]" won't be mapped to RAM because address size (32) is larger than maximum supported(18)
INFO: [Synth 8-5545] ROM "mem_reg[0][2]" won't be mapped to RAM because address size (32) is larger than maximum supported(18)
INFO: [Synth 8-5545] ROM "mem_reg[0][3]" won't be mapped to RAM because address size (32) is larger than maximum supported(18)
INFO: [Synth 8-5545] ROM "mem_reg[0][3]" won't be mapped to RAM because address size (32) is larger than maximum supported(18)
INFO: [Synth 8-5545] ROM "mem_reg[0][3]" won't be mapped to RAM because address size (32) is larger than maximum supported(18)
INFO: [Synth 8-5545] ROM "mem_reg[0][3]" won't be mapped to RAM because address size (32) is larger than maximum supported(18)
INFO: [Synth 8-5545] ROM "mem_reg[1][0]" won't be mapped to RAM because address size (32) is larger than maximum supported(18)
INFO: [Synth 8-5545] ROM "mem_reg[1][0]" won't be mapped to RAM because address size (32) is larger than maximum supported(18)
INFO: [Synth 8-5545] ROM "mem_reg[1][0]" won't be mapped to RAM because address size (32) is larger than maximum supported(18)
INFO: [Synth 8-5545] ROM "mem_reg[1][1]" won't be mapped to RAM because address size (32) is larger than maximum supported(18)
INFO: [Synth 8-5545] ROM "mem_reg[1][1]" won't be mapped to RAM because address size (32) is larger than maximum supported(18)
INFO: [Synth 8-5545] ROM "mem_reg[1][1]" won't be mapped to RAM because address size (32) is larger than maximum supported(18)
INFO: [Synth 8-5545] ROM "mem_reg[1][2]" won't be mapped to RAM because address size (32) is larger than maximum supported(18)
INFO: [Synth 8-5545] ROM "mem_reg[1][2]" won't be mapped to RAM because address size (32) is larger than maximum supported(18)
INFO: [Synth 8-5545] ROM "mem_reg[1][2]" won't be mapped to RAM because address size (32) is larger than maximum supported(18)
INFO: [Synth 8-5545] ROM "mem_reg[1][3]" won't be mapped to RAM because address size (32) is larger than maximum supported(18)
INFO: [Synth 8-5545] ROM "mem_reg[1][3]" won't be mapped to RAM because address size (32) is larger than maximum supported(18)
INFO: [Synth 8-5545] ROM "mem_reg[1][3]" won't be mapped to RAM because address size (32) is larger than maximum supported(18)
INFO: [Synth 8-5545] ROM "mem_reg[2][0]" won't be mapped to RAM because address size (32) is larger than maximum supported(18)
INFO: [Synth 8-5545] ROM "mem_reg[2][0]" won't be mapped to RAM because address size (32) is larger than maximum supported(18)
INFO: [Synth 8-5545] ROM "mem_reg[2][0]" won't be mapped to RAM because address size (32) is larger than maximum supported(18)
INFO: [Synth 8-5545] ROM "mem_reg[2][1]" won't be mapped to RAM because address size (32) is larger than maximum supported(18)
INFO: [Synth 8-5545] ROM "mem_reg[2][1]" won't be mapped to RAM because address size (32) is larger than maximum supported(18)
INFO: [Synth 8-5545] ROM "mem_reg[2][1]" won't be mapped to RAM because address size (32) is larger than maximum supported(18)
INFO: [Synth 8-5545] ROM "mem_reg[2][2]" won't be mapped to RAM because address size (32) is larger than maximum supported(18)
INFO: [Synth 8-5545] ROM "mem_reg[2][2]" won't be mapped to RAM because address size (32) is larger than maximum supported(18)
INFO: [Synth 8-5545] ROM "mem_reg[2][2]" won't be mapped to RAM because address size (32) is larger than maximum supported(18)
INFO: [Synth 8-5545] ROM "mem_reg[2][3]" won't be mapped to RAM because address size (32) is larger than maximum supported(18)
INFO: [Synth 8-5545] ROM "mem_reg[2][3]" won't be mapped to RAM because address size (32) is larger than maximum supported(18)
INFO: [Synth 8-5545] ROM "mem_reg[2][3]" won't be mapped to RAM because address size (32) is larger than maximum supported(18)
INFO: [Synth 8-5545] ROM "mem_reg[3][0]" won't be mapped to RAM because address size (32) is larger than maximum supported(18)
INFO: [Synth 8-5545] ROM "mem_reg[3][0]" won't be mapped to RAM because address size (32) is larger than maximum supported(18)
INFO: [Synth 8-5545] ROM "mem_reg[3][0]" won't be mapped to RAM because address size (32) is larger than maximum supported(18)
INFO: [Synth 8-5545] ROM "mem_reg[3][1]" won't be mapped to RAM because address size (32) is larger than maximum supported(18)
INFO: [Synth 8-5545] ROM "mem_reg[3][1]" won't be mapped to RAM because address size (32) is larger than maximum supported(18)
INFO: [Synth 8-5545] ROM "mem_reg[3][1]" won't be mapped to RAM because address size (32) is larger than maximum supported(18)
INFO: [Synth 8-5545] ROM "mem_reg[3][2]" won't be mapped to RAM because address size (32) is larger than maximum supported(18)
INFO: [Synth 8-5545] ROM "mem_reg[3][2]" won't be mapped to RAM because address size (32) is larger than maximum supported(18)
INFO: [Synth 8-5545] ROM "mem_reg[3][2]" won't be mapped to RAM because address size (32) is larger than maximum supported(18)
INFO: [Synth 8-5545] ROM "mem_reg[3][3]" won't be mapped to RAM because address size (32) is larger than maximum supported(18)
INFO: [Synth 8-5545] ROM "mem_reg[3][3]" won't be mapped to RAM because address size (32) is larger than maximum supported(18)
INFO: [Synth 8-5545] ROM "mem_reg[3][3]" won't be mapped to RAM because address size (32) is larger than maximum supported(18)
INFO: [Synth 8-5545] ROM "mem_reg[4][0]" won't be mapped to RAM because address size (32) is larger than maximum supported(18)
INFO: [Synth 8-5545] ROM "mem_reg[4][0]" won't be mapped to RAM because address size (32) is larger than maximum supported(18)
INFO: [Synth 8-5545] ROM "mem_reg[4][0]" won't be mapped to RAM because address size (32) is larger than maximum supported(18)
INFO: [Synth 8-5545] ROM "mem_reg[4][1]" won't be mapped to RAM because address size (32) is larger than maximum supported(18)
INFO: [Synth 8-5545] ROM "mem_reg[4][1]" won't be mapped to RAM because address size (32) is larger than maximum supported(18)
INFO: [Synth 8-5545] ROM "mem_reg[4][1]" won't be mapped to RAM because address size (32) is larger than maximum supported(18)
INFO: [Synth 8-5545] ROM "mem_reg[4][2]" won't be mapped to RAM because address size (32) is larger than maximum supported(18)
INFO: [Synth 8-5545] ROM "mem_reg[4][2]" won't be mapped to RAM because address size (32) is larger than maximum supported(18)
INFO: [Synth 8-5545] ROM "mem_reg[4][2]" won't be mapped to RAM because address size (32) is larger than maximum supported(18)
INFO: [Synth 8-5545] ROM "mem_reg[4][3]" won't be mapped to RAM because address size (32) is larger than maximum supported(18)
INFO: [Synth 8-5545] ROM "mem_reg[4][3]" won't be mapped to RAM because address size (32) is larger than maximum supported(18)
INFO: [Synth 8-5545] ROM "mem_reg[4][3]" won't be mapped to RAM because address size (32) is larger than maximum supported(18)
INFO: [Synth 8-5545] ROM "mem_reg[5][0]" won't be mapped to RAM because address size (32) is larger than maximum supported(18)
INFO: [Synth 8-5545] ROM "mem_reg[5][0]" won't be mapped to RAM because address size (32) is larger than maximum supported(18)
INFO: [Synth 8-5545] ROM "mem_reg[5][0]" won't be mapped to RAM because address size (32) is larger than maximum supported(18)
INFO: [Synth 8-5545] ROM "mem_reg[5][1]" won't be mapped to RAM because address size (32) is larger than maximum supported(18)
INFO: [Synth 8-5545] ROM "mem_reg[5][1]" won't be mapped to RAM because address size (32) is larger than maximum supported(18)
INFO: [Synth 8-5545] ROM "mem_reg[5][1]" won't be mapped to RAM because address size (32) is larger than maximum supported(18)
INFO: [Synth 8-5545] ROM "mem_reg[5][2]" won't be mapped to RAM because address size (32) is larger than maximum supported(18)
INFO: [Synth 8-5545] ROM "mem_reg[5][2]" won't be mapped to RAM because address size (32) is larger than maximum supported(18)
INFO: [Synth 8-5545] ROM "mem_reg[5][2]" won't be mapped to RAM because address size (32) is larger than maximum supported(18)
INFO: [Synth 8-5545] ROM "mem_reg[5][3]" won't be mapped to RAM because address size (32) is larger than maximum supported(18)
INFO: [Synth 8-5545] ROM "mem_reg[5][3]" won't be mapped to RAM because address size (32) is larger than maximum supported(18)
INFO: [Synth 8-5545] ROM "mem_reg[5][3]" won't be mapped to RAM because address size (32) is larger than maximum supported(18)
INFO: [Synth 8-5545] ROM "mem_reg[6][0]" won't be mapped to RAM because address size (32) is larger than maximum supported(18)
INFO: [Synth 8-5545] ROM "mem_reg[6][0]" won't be mapped to RAM because address size (32) is larger than maximum supported(18)
INFO: [Synth 8-5545] ROM "mem_reg[6][0]" won't be mapped to RAM because address size (32) is larger than maximum supported(18)
INFO: [Synth 8-5545] ROM "mem_reg[6][1]" won't be mapped to RAM because address size (32) is larger than maximum supported(18)
INFO: [Synth 8-5545] ROM "mem_reg[6][1]" won't be mapped to RAM because address size (32) is larger than maximum supported(18)
INFO: [Synth 8-5545] ROM "mem_reg[6][1]" won't be mapped to RAM because address size (32) is larger than maximum supported(18)
INFO: [Synth 8-5545] ROM "mem_reg[6][2]" won't be mapped to RAM because address size (32) is larger than maximum supported(18)
INFO: [Synth 8-5545] ROM "mem_reg[6][2]" won't be mapped to RAM because address size (32) is larger than maximum supported(18)
INFO: [Synth 8-5545] ROM "mem_reg[6][2]" won't be mapped to RAM because address size (32) is larger than maximum supported(18)
INFO: [Synth 8-5545] ROM "mem_reg[6][3]" won't be mapped to RAM because address size (32) is larger than maximum supported(18)
INFO: [Synth 8-5545] ROM "mem_reg[6][3]" won't be mapped to RAM because address size (32) is larger than maximum supported(18)
INFO: [Synth 8-5545] ROM "mem_reg[6][3]" won't be mapped to RAM because address size (32) is larger than maximum supported(18)
INFO: [Synth 8-5545] ROM "mem_reg[7][0]" won't be mapped to RAM because address size (32) is larger than maximum supported(18)
INFO: [Synth 8-5545] ROM "mem_reg[7][0]" won't be mapped to RAM because address size (32) is larger than maximum supported(18)
INFO: [Synth 8-5545] ROM "mem_reg[7][0]" won't be mapped to RAM because address size (32) is larger than maximum supported(18)
INFO: [Synth 8-5545] ROM "mem_reg[7][1]" won't be mapped to RAM because address size (32) is larger than maximum supported(18)
INFO: [Synth 8-5545] ROM "mem_reg[7][1]" won't be mapped to RAM because address size (32) is larger than maximum supported(18)
INFO: [Synth 8-5545] ROM "mem_reg[7][1]" won't be mapped to RAM because address size (32) is larger than maximum supported(18)
INFO: [Synth 8-5545] ROM "mem_reg[7][2]" won't be mapped to RAM because address size (32) is larger than maximum supported(18)
INFO: [Synth 8-5545] ROM "mem_reg[7][2]" won't be mapped to RAM because address size (32) is larger than maximum supported(18)
INFO: [Synth 8-5545] ROM "mem_reg[7][2]" won't be mapped to RAM because address size (32) is larger than maximum supported(18)
INFO: [Synth 8-5545] ROM "mem_reg[7][3]" won't be mapped to RAM because address size (32) is larger than maximum supported(18)
INFO: [Synth 8-5545] ROM "mem_reg[7][3]" won't be mapped to RAM because address size (32) is larger than maximum supported(18)
INFO: [Synth 8-5545] ROM "mem_reg[7][3]" won't be mapped to RAM because address size (32) is larger than maximum supported(18)
INFO: [Common 17-14] Message 'Synth 8-5545' appears 100 times and further instances of the messages will be disabled. Use the Tcl command set_msg_config to change the current settings.
---------------------------------------------------------------------------------
Finished RTL Optimization Phase 2 : Time (s): cpu = 00:05:44 ; elapsed = 00:08:39 . Memory (MB): peak = 1329.836 ; gain = 1153.844
---------------------------------------------------------------------------------

*** Running vivado
    with args -log RAM_Module.vds -m64 -mode batch -messageDb vivado.pb -notrace -source RAM_Module.tcl

WARNING: Default location for XILINX_VIVADO_HLS not found: 

****** Vivado v2015.2 (64-bit)
  **** SW Build 1266856 on Fri Jun 26 16:35:25 MDT 2015
  **** IP Build 1264090 on Wed Jun 24 14:22:01 MDT 2015
    ** Copyright 1986-2015 Xilinx, Inc. All Rights Reserved.

source RAM_Module.tcl -notrace
Command: synth_design -top RAM_Module -part xc7a100tcsg324-1 -flatten_hierarchy none
Starting synth_design
Attempting to get a license for feature 'Synthesis' and/or device 'xc7a100t'
INFO: [Common 17-349] Got license for feature 'Synthesis' and/or device 'xc7a100t'
INFO: [Common 17-1223] The version limit for your license is '2017.08' and will expire in -272 days. A version limit expiration means that, although you may be able to continue to use the current version of tools or IP with this license, you will not be eligible for any updates or new releases.
---------------------------------------------------------------------------------
Starting RTL Elaboration : Time (s): cpu = 00:00:06 ; elapsed = 00:00:09 . Memory (MB): peak = 244.500 ; gain = 68.516
---------------------------------------------------------------------------------
INFO: [Synth 8-638] synthesizing module 'RAM_Module' [C:/Users/vamsi/Desktop/AXI_Slave_Interface/AXI_RAM_SLAVE/AXI_RAM_SLAVE.srcs/sources_1/new/RAM_Module.v:23]
	Parameter DATA_WIDTH bound to: 32 - type: integer 
	Parameter ADDRESS_WIDTH bound to: 10 - type: integer 
	Parameter RAM_DEPTH bound to: 256 - type: integer 
INFO: [Synth 8-256] done synthesizing module 'RAM_Module' (1#1) [C:/Users/vamsi/Desktop/AXI_Slave_Interface/AXI_RAM_SLAVE/AXI_RAM_SLAVE.srcs/sources_1/new/RAM_Module.v:23]
---------------------------------------------------------------------------------
Finished RTL Elaboration : Time (s): cpu = 00:00:47 ; elapsed = 00:00:52 . Memory (MB): peak = 642.941 ; gain = 466.957
---------------------------------------------------------------------------------

Report Check Netlist: 
+------+------------------+-------+---------+-------+------------------+
|      |Item              |Errors |Warnings |Status |Description       |
+------+------------------+-------+---------+-------+------------------+
|1     |multi_driven_nets |      0|        0|Passed |Multi driven nets |
+------+------------------+-------+---------+-------+------------------+
---------------------------------------------------------------------------------
Finished RTL Optimization Phase 1 : Time (s): cpu = 00:00:53 ; elapsed = 00:00:59 . Memory (MB): peak = 642.941 ; gain = 466.957
---------------------------------------------------------------------------------
INFO: [Device 21-403] Loading part xc7a100tcsg324-1
INFO: [Project 1-570] Preparing netlist for logic optimization

Processing XDC Constraints
Initializing timing engine
Parsing XDC File [C:/Users/vamsi/Desktop/AXI_Slave_Interface/AXI_RAM_SLAVE/AXI_RAM_SLAVE.srcs/constrs_1/new/AXI_Slave_Constraints.xdc]
Finished Parsing XDC File [C:/Users/vamsi/Desktop/AXI_Slave_Interface/AXI_RAM_SLAVE/AXI_RAM_SLAVE.srcs/constrs_1/new/AXI_Slave_Constraints.xdc]
Completed Processing XDC Constraints

INFO: [Project 1-111] Unisim Transformation Summary:
No Unisim elements were transformed.

Constraint Validation Runtime : Time (s): cpu = 00:00:00 ; elapsed = 00:00:00.235 . Memory (MB): peak = 960.266 ; gain = 0.000
---------------------------------------------------------------------------------
Finished Constraint Validation : Time (s): cpu = 00:01:20 ; elapsed = 00:01:36 . Memory (MB): peak = 960.266 ; gain = 784.281
---------------------------------------------------------------------------------
---------------------------------------------------------------------------------
Start Loading Part and Timing Information
---------------------------------------------------------------------------------
Loading part: xc7a100tcsg324-1
---------------------------------------------------------------------------------
Finished Loading Part and Timing Information : Time (s): cpu = 00:01:20 ; elapsed = 00:01:36 . Memory (MB): peak = 960.266 ; gain = 784.281
---------------------------------------------------------------------------------
---------------------------------------------------------------------------------
Start Applying 'set_property' XDC Constraints
---------------------------------------------------------------------------------
---------------------------------------------------------------------------------
Finished applying 'set_property' XDC Constraints : Time (s): cpu = 00:01:20 ; elapsed = 00:01:36 . Memory (MB): peak = 960.266 ; gain = 784.281
---------------------------------------------------------------------------------
INFO: [Synth 8-5545] ROM "mem_reg[0][0]" won't be mapped to RAM because address size (32) is larger than maximum supported(18)
INFO: [Synth 8-5545] ROM "mem_reg[0][0]" won't be mapped to RAM because address size (32) is larger than maximum supported(18)
INFO: [Synth 8-5545] ROM "mem_reg[0][0]" won't be mapped to RAM because address size (32) is larger than maximum supported(18)
INFO: [Synth 8-5545] ROM "mem_reg[0][0]" won't be mapped to RAM because address size (32) is larger than maximum supported(18)
INFO: [Synth 8-5545] ROM "mem_reg[0][1]" won't be mapped to RAM because address size (32) is larger than maximum supported(18)
INFO: [Synth 8-5545] ROM "mem_reg[0][1]" won't be mapped to RAM because address size (32) is larger than maximum supported(18)
INFO: [Synth 8-5545] ROM "mem_reg[0][1]" won't be mapped to RAM because address size (32) is larger than maximum supported(18)
INFO: [Synth 8-5545] ROM "mem_reg[0][1]" won't be mapped to RAM because address size (32) is larger than maximum supported(18)
INFO: [Synth 8-5545] ROM "mem_reg[0][2]" won't be mapped to RAM because address size (32) is larger than maximum supported(18)
INFO: [Synth 8-5545] ROM "mem_reg[0][2]" won't be mapped to RAM because address size (32) is larger than maximum supported(18)
INFO: [Synth 8-5545] ROM "mem_reg[0][2]" won't be mapped to RAM because address size (32) is larger than maximum supported(18)
INFO: [Synth 8-5545] ROM "mem_reg[0][2]" won't be mapped to RAM because address size (32) is larger than maximum supported(18)
INFO: [Synth 8-5545] ROM "mem_reg[0][3]" won't be mapped to RAM because address size (32) is larger than maximum supported(18)
INFO: [Synth 8-5545] ROM "mem_reg[0][3]" won't be mapped to RAM because address size (32) is larger than maximum supported(18)
INFO: [Synth 8-5545] ROM "mem_reg[0][3]" won't be mapped to RAM because address size (32) is larger than maximum supported(18)
INFO: [Synth 8-5545] ROM "mem_reg[0][3]" won't be mapped to RAM because address size (32) is larger than maximum supported(18)
INFO: [Synth 8-5545] ROM "mem_reg[1][0]" won't be mapped to RAM because address size (32) is larger than maximum supported(18)
INFO: [Synth 8-5545] ROM "mem_reg[1][0]" won't be mapped to RAM because address size (32) is larger than maximum supported(18)
INFO: [Synth 8-5545] ROM "mem_reg[1][0]" won't be mapped to RAM because address size (32) is larger than maximum supported(18)
INFO: [Synth 8-5545] ROM "mem_reg[1][1]" won't be mapped to RAM because address size (32) is larger than maximum supported(18)
INFO: [Synth 8-5545] ROM "mem_reg[1][1]" won't be mapped to RAM because address size (32) is larger than maximum supported(18)
INFO: [Synth 8-5545] ROM "mem_reg[1][1]" won't be mapped to RAM because address size (32) is larger than maximum supported(18)
INFO: [Synth 8-5545] ROM "mem_reg[1][2]" won't be mapped to RAM because address size (32) is larger than maximum supported(18)
INFO: [Synth 8-5545] ROM "mem_reg[1][2]" won't be mapped to RAM because address size (32) is larger than maximum supported(18)
INFO: [Synth 8-5545] ROM "mem_reg[1][2]" won't be mapped to RAM because address size (32) is larger than maximum supported(18)
INFO: [Synth 8-5545] ROM "mem_reg[1][3]" won't be mapped to RAM because address size (32) is larger than maximum supported(18)
INFO: [Synth 8-5545] ROM "mem_reg[1][3]" won't be mapped to RAM because address size (32) is larger than maximum supported(18)
INFO: [Synth 8-5545] ROM "mem_reg[1][3]" won't be mapped to RAM because address size (32) is larger than maximum supported(18)
INFO: [Synth 8-5545] ROM "mem_reg[2][0]" won't be mapped to RAM because address size (32) is larger than maximum supported(18)
INFO: [Synth 8-5545] ROM "mem_reg[2][0]" won't be mapped to RAM because address size (32) is larger than maximum supported(18)
INFO: [Synth 8-5545] ROM "mem_reg[2][0]" won't be mapped to RAM because address size (32) is larger than maximum supported(18)
INFO: [Synth 8-5545] ROM "mem_reg[2][1]" won't be mapped to RAM because address size (32) is larger than maximum supported(18)
INFO: [Synth 8-5545] ROM "mem_reg[2][1]" won't be mapped to RAM because address size (32) is larger than maximum supported(18)
INFO: [Synth 8-5545] ROM "mem_reg[2][1]" won't be mapped to RAM because address size (32) is larger than maximum supported(18)
INFO: [Synth 8-5545] ROM "mem_reg[2][2]" won't be mapped to RAM because address size (32) is larger than maximum supported(18)
INFO: [Synth 8-5545] ROM "mem_reg[2][2]" won't be mapped to RAM because address size (32) is larger than maximum supported(18)
INFO: [Synth 8-5545] ROM "mem_reg[2][2]" won't be mapped to RAM because address size (32) is larger than maximum supported(18)
INFO: [Synth 8-5545] ROM "mem_reg[2][3]" won't be mapped to RAM because address size (32) is larger than maximum supported(18)
INFO: [Synth 8-5545] ROM "mem_reg[2][3]" won't be mapped to RAM because address size (32) is larger than maximum supported(18)
INFO: [Synth 8-5545] ROM "mem_reg[2][3]" won't be mapped to RAM because address size (32) is larger than maximum supported(18)
INFO: [Synth 8-5545] ROM "mem_reg[3][0]" won't be mapped to RAM because address size (32) is larger than maximum supported(18)
INFO: [Synth 8-5545] ROM "mem_reg[3][0]" won't be mapped to RAM because address size (32) is larger than maximum supported(18)
INFO: [Synth 8-5545] ROM "mem_reg[3][0]" won't be mapped to RAM because address size (32) is larger than maximum supported(18)
INFO: [Synth 8-5545] ROM "mem_reg[3][1]" won't be mapped to RAM because address size (32) is larger than maximum supported(18)
INFO: [Synth 8-5545] ROM "mem_reg[3][1]" won't be mapped to RAM because address size (32) is larger than maximum supported(18)
INFO: [Synth 8-5545] ROM "mem_reg[3][1]" won't be mapped to RAM because address size (32) is larger than maximum supported(18)
INFO: [Synth 8-5545] ROM "mem_reg[3][2]" won't be mapped to RAM because address size (32) is larger than maximum supported(18)
INFO: [Synth 8-5545] ROM "mem_reg[3][2]" won't be mapped to RAM because address size (32) is larger than maximum supported(18)
INFO: [Synth 8-5545] ROM "mem_reg[3][2]" won't be mapped to RAM because address size (32) is larger than maximum supported(18)
INFO: [Synth 8-5545] ROM "mem_reg[3][3]" won't be mapped to RAM because address size (32) is larger than maximum supported(18)
INFO: [Synth 8-5545] ROM "mem_reg[3][3]" won't be mapped to RAM because address size (32) is larger than maximum supported(18)
INFO: [Synth 8-5545] ROM "mem_reg[3][3]" won't be mapped to RAM because address size (32) is larger than maximum supported(18)
INFO: [Synth 8-5545] ROM "mem_reg[4][0]" won't be mapped to RAM because address size (32) is larger than maximum supported(18)
INFO: [Synth 8-5545] ROM "mem_reg[4][0]" won't be mapped to RAM because address size (32) is larger than maximum supported(18)
INFO: [Synth 8-5545] ROM "mem_reg[4][0]" won't be mapped to RAM because address size (32) is larger than maximum supported(18)
INFO: [Synth 8-5545] ROM "mem_reg[4][1]" won't be mapped to RAM because address size (32) is larger than maximum supported(18)
INFO: [Synth 8-5545] ROM "mem_reg[4][1]" won't be mapped to RAM because address size (32) is larger than maximum supported(18)
INFO: [Synth 8-5545] ROM "mem_reg[4][1]" won't be mapped to RAM because address size (32) is larger than maximum supported(18)
INFO: [Synth 8-5545] ROM "mem_reg[4][2]" won't be mapped to RAM because address size (32) is larger than maximum supported(18)
INFO: [Synth 8-5545] ROM "mem_reg[4][2]" won't be mapped to RAM because address size (32) is larger than maximum supported(18)
INFO: [Synth 8-5545] ROM "mem_reg[4][2]" won't be mapped to RAM because address size (32) is larger than maximum supported(18)
INFO: [Synth 8-5545] ROM "mem_reg[4][3]" won't be mapped to RAM because address size (32) is larger than maximum supported(18)
INFO: [Synth 8-5545] ROM "mem_reg[4][3]" won't be mapped to RAM because address size (32) is larger than maximum supported(18)
INFO: [Synth 8-5545] ROM "mem_reg[4][3]" won't be mapped to RAM because address size (32) is larger than maximum supported(18)
INFO: [Synth 8-5545] ROM "mem_reg[5][0]" won't be mapped to RAM because address size (32) is larger than maximum supported(18)
INFO: [Synth 8-5545] ROM "mem_reg[5][0]" won't be mapped to RAM because address size (32) is larger than maximum supported(18)
INFO: [Synth 8-5545] ROM "mem_reg[5][0]" won't be mapped to RAM because address size (32) is larger than maximum supported(18)
INFO: [Synth 8-5545] ROM "mem_reg[5][1]" won't be mapped to RAM because address size (32) is larger than maximum supported(18)
INFO: [Synth 8-5545] ROM "mem_reg[5][1]" won't be mapped to RAM because address size (32) is larger than maximum supported(18)
INFO: [Synth 8-5545] ROM "mem_reg[5][1]" won't be mapped to RAM because address size (32) is larger than maximum supported(18)
INFO: [Synth 8-5545] ROM "mem_reg[5][2]" won't be mapped to RAM because address size (32) is larger than maximum supported(18)
INFO: [Synth 8-5545] ROM "mem_reg[5][2]" won't be mapped to RAM because address size (32) is larger than maximum supported(18)
INFO: [Synth 8-5545] ROM "mem_reg[5][2]" won't be mapped to RAM because address size (32) is larger than maximum supported(18)
INFO: [Synth 8-5545] ROM "mem_reg[5][3]" won't be mapped to RAM because address size (32) is larger than maximum supported(18)
INFO: [Synth 8-5545] ROM "mem_reg[5][3]" won't be mapped to RAM because address size (32) is larger than maximum supported(18)
INFO: [Synth 8-5545] ROM "mem_reg[5][3]" won't be mapped to RAM because address size (32) is larger than maximum supported(18)
INFO: [Synth 8-5545] ROM "mem_reg[6][0]" won't be mapped to RAM because address size (32) is larger than maximum supported(18)
INFO: [Synth 8-5545] ROM "mem_reg[6][0]" won't be mapped to RAM because address size (32) is larger than maximum supported(18)
INFO: [Synth 8-5545] ROM "mem_reg[6][0]" won't be mapped to RAM because address size (32) is larger than maximum supported(18)
INFO: [Synth 8-5545] ROM "mem_reg[6][1]" won't be mapped to RAM because address size (32) is larger than maximum supported(18)
INFO: [Synth 8-5545] ROM "mem_reg[6][1]" won't be mapped to RAM because address size (32) is larger than maximum supported(18)
INFO: [Synth 8-5545] ROM "mem_reg[6][1]" won't be mapped to RAM because address size (32) is larger than maximum supported(18)
INFO: [Synth 8-5545] ROM "mem_reg[6][2]" won't be mapped to RAM because address size (32) is larger than maximum supported(18)
INFO: [Synth 8-5545] ROM "mem_reg[6][2]" won't be mapped to RAM because address size (32) is larger than maximum supported(18)
INFO: [Synth 8-5545] ROM "mem_reg[6][2]" won't be mapped to RAM because address size (32) is larger than maximum supported(18)
INFO: [Synth 8-5545] ROM "mem_reg[6][3]" won't be mapped to RAM because address size (32) is larger than maximum supported(18)
INFO: [Synth 8-5545] ROM "mem_reg[6][3]" won't be mapped to RAM because address size (32) is larger than maximum supported(18)
INFO: [Synth 8-5545] ROM "mem_reg[6][3]" won't be mapped to RAM because address size (32) is larger than maximum supported(18)
INFO: [Synth 8-5545] ROM "mem_reg[7][0]" won't be mapped to RAM because address size (32) is larger than maximum supported(18)
INFO: [Synth 8-5545] ROM "mem_reg[7][0]" won't be mapped to RAM because address size (32) is larger than maximum supported(18)
INFO: [Synth 8-5545] ROM "mem_reg[7][0]" won't be mapped to RAM because address size (32) is larger than maximum supported(18)
INFO: [Synth 8-5545] ROM "mem_reg[7][1]" won't be mapped to RAM because address size (32) is larger than maximum supported(18)
INFO: [Synth 8-5545] ROM "mem_reg[7][1]" won't be mapped to RAM because address size (32) is larger than maximum supported(18)
INFO: [Synth 8-5545] ROM "mem_reg[7][1]" won't be mapped to RAM because address size (32) is larger than maximum supported(18)
INFO: [Synth 8-5545] ROM "mem_reg[7][2]" won't be mapped to RAM because address size (32) is larger than maximum supported(18)
INFO: [Synth 8-5545] ROM "mem_reg[7][2]" won't be mapped to RAM because address size (32) is larger than maximum supported(18)
INFO: [Synth 8-5545] ROM "mem_reg[7][2]" won't be mapped to RAM because address size (32) is larger than maximum supported(18)
INFO: [Synth 8-5545] ROM "mem_reg[7][3]" won't be mapped to RAM because address size (32) is larger than maximum supported(18)
INFO: [Synth 8-5545] ROM "mem_reg[7][3]" won't be mapped to RAM because address size (32) is larger than maximum supported(18)
INFO: [Synth 8-5545] ROM "mem_reg[7][3]" won't be mapped to RAM because address size (32) is larger than maximum supported(18)
INFO: [Common 17-14] Message 'Synth 8-5545' appears 100 times and further instances of the messages will be disabled. Use the Tcl command set_msg_config to change the current settings.
---------------------------------------------------------------------------------
Finished RTL Optimization Phase 2 : Time (s): cpu = 00:05:32 ; elapsed = 00:07:35 . Memory (MB): peak = 1330.574 ; gain = 1154.590
---------------------------------------------------------------------------------

Report RTL Partitions: 
+------+-----------------+------------+----------+
|      |RTL Partition    |Replication |Instances |
+------+-----------------+------------+----------+
|1     |RAM_Module__GB0  |           1|     26880|
|2     |RAM_Module__GB1  |           1|     17819|
|3     |RAM_Module__GB2  |           1|      7204|
|4     |RAM_Module__GB3  |           1|      7539|
|5     |RAM_Module__GB4  |           1|     14490|
|6     |RAM_Module__GB5  |           1|     18748|
|7     |RAM_Module__GB6  |           1|     23923|
|8     |RAM_Module__GB7  |           1|     30382|
|9     |RAM_Module__GB8  |           1|     21649|
|10    |RAM_Module__GB9  |           1|     28974|
|11    |RAM_Module__GB10 |           1|     24621|
|12    |RAM_Module__GB11 |           1|     30414|
|13    |RAM_Module__GB12 |           1|     30426|
|14    |RAM_Module__GB13 |           1|      8700|
|15    |RAM_Module__GB14 |           1|     11598|
|16    |RAM_Module__GB15 |           1|     13050|
|17    |RAM_Module__GB16 |           1|     31909|
|18    |RAM_Module__GB17 |           1|      8695|
|19    |RAM_Module__GB18 |           1|     10164|
|20    |RAM_Module__GB19 |           1|     13072|
|21    |RAM_Module__GB20 |           1|     17358|
|22    |RAM_Module__GB21 |           1|     36251|
|23    |RAM_Module__GB22 |           1|     10125|
|24    |RAM_Module__GB23 |           1|     13037|
|25    |RAM_Module__GB24 |           1|     28980|
|26    |RAM_Module__GB25 |           1|      8679|
|27    |RAM_Module__GB26 |           1|     10146|
|28    |RAM_Module__GB27 |           1|     13047|
|29    |RAM_Module__GB28 |           1|     16806|
|30    |RAM_Module__GB29 |           1|     34936|
|31    |RAM_Module__GB30 |           1|     10142|
|32    |RAM_Module__GB31 |           1|     34886|
|33    |RAM_Module__GB32 |           1|     10161|
|34    |RAM_Module__GB33 |           1|     30416|
|35    |RAM_Module__GB34 |           1|      8181|
|36    |RAM_Module__GB35 |           1|     33342|
|37    |RAM_Module__GB36 |           1|     33096|
|38    |RAM_Module__GB37 |           1|     33342|
|39    |RAM_Module__GB38 |           1|     10134|
|40    |RAM_Module__GB39 |           1|     20287|
|41    |RAM_Module__GB40 |           1|     15948|
|42    |RAM_Module__GB41 |           1|     20283|
|43    |RAM_Module__GB42 |           1|     32610|
|44    |RAM_Module__GB43 |           1|     30455|
|45    |RAM_Module__GB44 |           1|      8689|
|46    |RAM_Module__GB45 |           1|     10137|
|47    |RAM_Module__GB46 |           1|     34586|
|48    |RAM_Module__GB47 |           1|      8075|
|49    |RAM_Module__GB48 |           1|     12112|
|50    |RAM_Module__GB49 |           1|       814|
|51    |RAM_Module__GB50 |           1|     25613|
|52    |RAM_Module__GB51 |           1|     26852|
|53    |RAM_Module__GB52 |           1|     30240|
|54    |RAM_Module__GB53 |           1|      7210|
|55    |RAM_Module__GB54 |           1|      8652|
|56    |RAM_Module__GB55 |           1|     11549|
|57    |RAM_Module__GB56 |           1|     14442|
|58    |RAM_Module__GB57 |           1|     18810|
|59    |RAM_Module__GB58 |           1|     23082|
|60    |RAM_Module__GB59 |           1|     28917|
|61    |RAM_Module__GB60 |           1|     36242|
|62    |RAM_Module__GB61 |           1|     23051|
|63    |RAM_Module__GB62 |           1|     30557|
|64    |RAM_Module__GB63 |           1|     25772|
|65    |RAM_Module__GB64 |           1|     31445|
|66    |RAM_Module__GB65 |           1|      9938|
|67    |RAM_Module__GB66 |           1|     34264|
|68    |RAM_Module__GB67 |           1|     33781|
|69    |RAM_Module__GB68 |           1|     29372|
|70    |RAM_Module__GB69 |           1|     12088|
|71    |RAM_Module__GB70 |           1|     13200|
|72    |RAM_Module__GB71 |           1|     15621|
|73    |RAM_Module__GB72 |           1|     21337|
|74    |RAM_Module__GB73 |           1|     11189|
|75    |RAM_Module__GB74 |           1|     45102|
|76    |RAM_Module__GB75 |           1|     13993|
|77    |RAM_Module__GB76 |           1|     28327|
|78    |RAM_Module__GB77 |           1|     10227|
|79    |RAM_Module__GB78 |           1|     12026|
|80    |RAM_Module__GB79 |           1|     15264|
|81    |RAM_Module__GB80 |           1|     20693|
|82    |RAM_Module__GB81 |           1|     24628|
|83    |RAM_Module__GB82 |           1|     30265|
|84    |RAM_Module__GB83 |           1|     37361|
|85    |RAM_Module__GB84 |           1|      9449|
|86    |RAM_Module__GB85 |           1|     39169|
|87    |RAM_Module__GB86 |           1|      9994|
|88    |RAM_Module__GB87 |           1|     11716|
|89    |RAM_Module__GB88 |           1|     29887|
|90    |RAM_Module__GB89 |           1|     10599|
|91    |RAM_Module__GB90 |           1|     10509|
|92    |RAM_Module__GB91 |           1|     13552|
|93    |RAM_Module__GB92 |           1|     19433|
|94    |RAM_Module__GB93 |           1|     21269|
|95    |RAM_Module__GB94 |           1|     34706|
|96    |RAM_Module__GB95 |           1|     10087|
|97    |RAM_Module__GB96 |           1|     12974|
|98    |RAM_Module__GB97 |           1|     18124|
+------+-----------------+------------+----------+
---------------------------------------------------------------------------------
Start RTL Component Statistics 
---------------------------------------------------------------------------------
Detailed RTL Component Info : 
+---Adders : 
	   2 Input     11 Bit       Adders := 3     
	   2 Input      2 Bit       Adders := 3     
+---Registers : 
	               32 Bit    Registers := 1     
	                8 Bit    Registers := 1024  
+---Muxes : 
	   4 Input      8 Bit        Muxes := 4     
---------------------------------------------------------------------------------
Finished RTL Component Statistics 
---------------------------------------------------------------------------------
---------------------------------------------------------------------------------
Start RTL Hierarchical Component Statistics 
---------------------------------------------------------------------------------
Hierarchical RTL Component report 
Module RAM_Module 
Detailed RTL Component Info : 
+---Adders : 
	   2 Input     11 Bit       Adders := 3     
	   2 Input      2 Bit       Adders := 3     
+---Registers : 
	               32 Bit    Registers := 1     
	                8 Bit    Registers := 1024  
+---Muxes : 
	   4 Input      8 Bit        Muxes := 4     
---------------------------------------------------------------------------------
Finished RTL Hierarchical Component Statistics
---------------------------------------------------------------------------------
---------------------------------------------------------------------------------
Start Part Resource Summary
---------------------------------------------------------------------------------
Part Resources:
DSPs: 240 (col length:80)
BRAMs: 270 (col length: RAMB18 80 RAMB36 40)
---------------------------------------------------------------------------------
Finished Part Resource Summary
---------------------------------------------------------------------------------
Start Parallel Synthesis Optimization  : Time (s): cpu = 00:06:00 ; elapsed = 00:08:04 . Memory (MB): peak = 1331.332 ; gain = 1155.348
---------------------------------------------------------------------------------
Start Cross Boundary Optimization
---------------------------------------------------------------------------------
INFO: [Common 17-14] Message 'Synth 8-5545' appears 100 times and further instances of the messages will be disabled. Use the Tcl command set_msg_config to change the current settings.
INFO: [Common 17-14] Message 'Synth 8-5545' appears 100 times and further instances of the messages will be disabled. Use the Tcl command set_msg_config to change the current settings.
INFO: [Common 17-14] Message 'Synth 8-5545' appears 100 times and further instances of the messages will be disabled. Use the Tcl command set_msg_config to change the current settings.
INFO: [Common 17-14] Message 'Synth 8-5545' appears 100 times and further instances of the messages will be disabled. Use the Tcl command set_msg_config to change the current settings.
INFO: [Common 17-14] Message 'Synth 8-5545' appears 100 times and further instances of the messages will be disabled. Use the Tcl command set_msg_config to change the current settings.
INFO: [Common 17-14] Message 'Synth 8-5545' appears 100 times and further instances of the messages will be disabled. Use the Tcl command set_msg_config to change the current settings.
INFO: [Common 17-14] Message 'Synth 8-5545' appears 100 times and further instances of the messages will be disabled. Use the Tcl command set_msg_config to change the current settings.
INFO: [Common 17-14] Message 'Synth 8-5545' appears 100 times and further instances of the messages will be disabled. Use the Tcl command set_msg_config to change the current settings.
INFO: [Common 17-14] Message 'Synth 8-5545' appears 100 times and further instances of the messages will be disabled. Use the Tcl command set_msg_config to change the current settings.
INFO: [Common 17-14] Message 'Synth 8-5545' appears 100 times and further instances of the messages will be disabled. Use the Tcl command set_msg_config to change the current settings.
INFO: [Common 17-14] Message 'Synth 8-5545' appears 100 times and further instances of the messages will be disabled. Use the Tcl command set_msg_config to change the current settings.
INFO: [Common 17-14] Message 'Synth 8-5545' appears 100 times and further instances of the messages will be disabled. Use the Tcl command set_msg_config to change the current settings.
---------------------------------------------------------------------------------
Finished Cross Boundary Optimization : Time (s): cpu = 00:07:20 ; elapsed = 00:19:30 . Memory (MB): peak = 1388.012 ; gain = 1212.027
---------------------------------------------------------------------------------
Finished Parallel Reinference  : Time (s): cpu = 00:07:20 ; elapsed = 00:19:31 . Memory (MB): peak = 1388.012 ; gain = 1212.027

Report RTL Partitions: 
+------+-----------------+------------+----------+
|      |RTL Partition    |Replication |Instances |
+------+-----------------+------------+----------+
|1     |RAM_Module__GB0  |           1|     26880|
|2     |RAM_Module__GB1  |           1|     17819|
|3     |RAM_Module__GB2  |           1|      7204|
|4     |RAM_Module__GB3  |           1|      7539|
|5     |RAM_Module__GB4  |           1|     14490|
|6     |RAM_Module__GB5  |           1|     18748|
|7     |RAM_Module__GB6  |           1|     23923|
|8     |RAM_Module__GB7  |           1|     30382|
|9     |RAM_Module__GB8  |           1|     21649|
|10    |RAM_Module__GB9  |           1|     28974|
|11    |RAM_Module__GB10 |           1|     24621|
|12    |RAM_Module__GB11 |           1|     30414|
|13    |RAM_Module__GB12 |           1|     30426|
|14    |RAM_Module__GB13 |           1|      8700|
|15    |RAM_Module__GB14 |           1|     11598|
|16    |RAM_Module__GB15 |           1|     13050|
|17    |RAM_Module__GB16 |           1|     31909|
|18    |RAM_Module__GB17 |           1|      8695|
|19    |RAM_Module__GB18 |           1|     10164|
|20    |RAM_Module__GB19 |           1|     13072|
|21    |RAM_Module__GB20 |           1|     17358|
|22    |RAM_Module__GB21 |           1|     36251|
|23    |RAM_Module__GB22 |           1|     10125|
|24    |RAM_Module__GB23 |           1|     13037|
|25    |RAM_Module__GB24 |           1|     28980|
|26    |RAM_Module__GB25 |           1|      8679|
|27    |RAM_Module__GB26 |           1|     10146|
|28    |RAM_Module__GB27 |           1|     13047|
|29    |RAM_Module__GB28 |           1|     16806|
|30    |RAM_Module__GB29 |           1|     34936|
|31    |RAM_Module__GB30 |           1|     10142|
|32    |RAM_Module__GB31 |           1|     34886|
|33    |RAM_Module__GB32 |           1|     10161|
|34    |RAM_Module__GB33 |           1|     30416|
|35    |RAM_Module__GB34 |           1|      8181|
|36    |RAM_Module__GB35 |           1|     33342|
|37    |RAM_Module__GB36 |           1|     33096|
|38    |RAM_Module__GB37 |           1|     33342|
|39    |RAM_Module__GB38 |           1|     10134|
|40    |RAM_Module__GB39 |           1|     20287|
|41    |RAM_Module__GB40 |           1|     15948|
|42    |RAM_Module__GB41 |           1|     20283|
|43    |RAM_Module__GB42 |           1|     32610|
|44    |RAM_Module__GB43 |           1|     30455|
|45    |RAM_Module__GB44 |           1|      8689|
|46    |RAM_Module__GB45 |           1|     10137|
|47    |RAM_Module__GB46 |           1|     34586|
|48    |RAM_Module__GB47 |           1|      8075|
|49    |RAM_Module__GB48 |           1|     12112|
|50    |RAM_Module__GB49 |           1|       814|
|51    |RAM_Module__GB50 |           1|     25613|
|52    |RAM_Module__GB51 |           1|     26852|
|53    |RAM_Module__GB52 |           1|     30240|
|54    |RAM_Module__GB53 |           1|      7210|
|55    |RAM_Module__GB54 |           1|      8652|
|56    |RAM_Module__GB55 |           1|     11549|
|57    |RAM_Module__GB56 |           1|     14442|
|58    |RAM_Module__GB57 |           1|     18810|
|59    |RAM_Module__GB58 |           1|     23082|
|60    |RAM_Module__GB59 |           1|     28917|
|61    |RAM_Module__GB60 |           1|     36242|
|62    |RAM_Module__GB61 |           1|     23051|
|63    |RAM_Module__GB62 |           1|     30557|
|64    |RAM_Module__GB63 |           1|     25772|
|65    |RAM_Module__GB64 |           1|     31445|
|66    |RAM_Module__GB65 |           1|      9938|
|67    |RAM_Module__GB66 |           1|     34264|
|68    |RAM_Module__GB67 |           1|     33781|
|69    |RAM_Module__GB68 |           1|     29372|
|70    |RAM_Module__GB69 |           1|     12088|
|71    |RAM_Module__GB70 |           1|     13200|
|72    |RAM_Module__GB71 |           1|     15621|
|73    |RAM_Module__GB72 |           1|     21337|
|74    |RAM_Module__GB73 |           1|     11189|
|75    |RAM_Module__GB74 |           1|     45102|
|76    |RAM_Module__GB75 |           1|     13993|
|77    |RAM_Module__GB76 |           1|     28327|
|78    |RAM_Module__GB77 |           1|     10227|
|79    |RAM_Module__GB78 |           1|     12026|
|80    |RAM_Module__GB79 |           1|     15264|
|81    |RAM_Module__GB80 |           1|     20693|
|82    |RAM_Module__GB81 |           1|     24628|
|83    |RAM_Module__GB82 |           1|     30265|
|84    |RAM_Module__GB83 |           1|     37361|
|85    |RAM_Module__GB84 |           1|      9449|
|86    |RAM_Module__GB85 |           1|     39169|
|87    |RAM_Module__GB86 |           1|      9994|
|88    |RAM_Module__GB87 |           1|     11716|
|89    |RAM_Module__GB88 |           1|     29887|
|90    |RAM_Module__GB89 |           1|     10599|
|91    |RAM_Module__GB90 |           1|     10509|
|92    |RAM_Module__GB91 |           1|     13552|
|93    |RAM_Module__GB92 |           1|     19433|
|94    |RAM_Module__GB93 |           1|     21269|
|95    |RAM_Module__GB94 |           1|     34706|
|96    |RAM_Module__GB95 |           1|     10087|
|97    |RAM_Module__GB96 |           1|     12974|
|98    |RAM_Module__GB97 |           1|     18124|
+------+-----------------+------------+----------+
---------------------------------------------------------------------------------
Start Area Optimization
---------------------------------------------------------------------------------
---------------------------------------------------------------------------------
Finished Area Optimization : Time (s): cpu = 00:08:27 ; elapsed = 00:25:18 . Memory (MB): peak = 1755.066 ; gain = 1579.082
---------------------------------------------------------------------------------
Finished Parallel Area Optimization  : Time (s): cpu = 00:08:27 ; elapsed = 00:25:18 . Memory (MB): peak = 1755.066 ; gain = 1579.082

Report RTL Partitions: 
+------+-----------------+------------+----------+
|      |RTL Partition    |Replication |Instances |
+------+-----------------+------------+----------+
|1     |RAM_Module__GB0  |           1|     24910|
|2     |RAM_Module__GB1  |           1|      8989|
|3     |RAM_Module__GB2  |           1|       399|
|4     |RAM_Module__GB3  |           1|       426|
|5     |RAM_Module__GB4  |           1|       674|
|6     |RAM_Module__GB5  |           1|       790|
|7     |RAM_Module__GB6  |           1|       922|
|8     |RAM_Module__GB7  |           1|      1573|
|9     |RAM_Module__GB8  |           1|       893|
|10    |RAM_Module__GB9  |           1|      1396|
|11    |RAM_Module__GB10 |           1|      1266|
|12    |RAM_Module__GB11 |           1|      1356|
|13    |RAM_Module__GB12 |           1|      1441|
|14    |RAM_Module__GB13 |           1|       452|
|15    |RAM_Module__GB14 |           1|       641|
|16    |RAM_Module__GB15 |           1|       630|
|17    |RAM_Module__GB16 |           1|      1470|
|18    |RAM_Module__GB17 |           1|       443|
|19    |RAM_Module__GB18 |           1|       669|
|20    |RAM_Module__GB19 |           1|       637|
|21    |RAM_Module__GB20 |           1|       830|
|22    |RAM_Module__GB21 |           1|      1848|
|23    |RAM_Module__GB22 |           1|       523|
|24    |RAM_Module__GB23 |           1|       609|
|25    |RAM_Module__GB24 |           1|      1370|
|26    |RAM_Module__GB25 |           1|       436|
|27    |RAM_Module__GB26 |           1|       569|
|28    |RAM_Module__GB27 |           1|       636|
|29    |RAM_Module__GB28 |           1|       835|
|30    |RAM_Module__GB29 |           1|      1650|
|31    |RAM_Module__GB30 |           1|       661|
|32    |RAM_Module__GB31 |           1|      1658|
|33    |RAM_Module__GB32 |           1|       495|
|34    |RAM_Module__GB33 |           1|      1448|
|35    |RAM_Module__GB34 |           1|       447|
|36    |RAM_Module__GB35 |           1|      1744|
|37    |RAM_Module__GB36 |           1|      1853|
|38    |RAM_Module__GB37 |           1|      1563|
|39    |RAM_Module__GB38 |           1|       560|
|40    |RAM_Module__GB39 |           1|       918|
|41    |RAM_Module__GB40 |           1|       744|
|42    |RAM_Module__GB41 |           1|       955|
|43    |RAM_Module__GB42 |           1|      1501|
|44    |RAM_Module__GB43 |           1|      1503|
|45    |RAM_Module__GB44 |           1|       498|
|46    |RAM_Module__GB45 |           1|       446|
|47    |RAM_Module__GB46 |           1|      1488|
|48    |RAM_Module__GB47 |           1|       372|
|49    |RAM_Module__GB48 |           1|       530|
|50    |RAM_Module__GB49 |           1|       697|
|51    |RAM_Module__GB50 |           1|       733|
|52    |RAM_Module__GB51 |           1|      1023|
|53    |RAM_Module__GB52 |           1|      1218|
|54    |RAM_Module__GB53 |           1|       387|
|55    |RAM_Module__GB54 |           1|       475|
|56    |RAM_Module__GB55 |           1|       510|
|57    |RAM_Module__GB56 |           1|       629|
|58    |RAM_Module__GB57 |           1|       850|
|59    |RAM_Module__GB58 |           1|       873|
|60    |RAM_Module__GB59 |           1|      1246|
|61    |RAM_Module__GB60 |           1|      1754|
|62    |RAM_Module__GB61 |           1|       773|
|63    |RAM_Module__GB62 |           1|      1406|
|64    |RAM_Module__GB63 |           1|       895|
|65    |RAM_Module__GB64 |           1|      1698|
|66    |RAM_Module__GB65 |           1|       534|
|67    |RAM_Module__GB66 |           1|      1537|
|68    |RAM_Module__GB67 |           1|      1401|
|69    |RAM_Module__GB68 |           1|      1458|
|70    |RAM_Module__GB69 |           1|       644|
|71    |RAM_Module__GB70 |           1|       817|
|72    |RAM_Module__GB71 |           1|       590|
|73    |RAM_Module__GB72 |           1|       905|
|74    |RAM_Module__GB73 |           1|       633|
|75    |RAM_Module__GB74 |           1|      1192|
|76    |RAM_Module__GB75 |           1|       485|
|77    |RAM_Module__GB76 |           1|      1269|
|78    |RAM_Module__GB77 |           1|       491|
|79    |RAM_Module__GB78 |           1|       512|
|80    |RAM_Module__GB79 |           1|       262|
|81    |RAM_Module__GB80 |           1|       760|
|82    |RAM_Module__GB81 |           1|       767|
|83    |RAM_Module__GB82 |           1|       835|
|84    |RAM_Module__GB83 |           1|       917|
|85    |RAM_Module__GB84 |           1|       364|
|86    |RAM_Module__GB85 |           1|      1085|
|87    |RAM_Module__GB86 |           1|       384|
|88    |RAM_Module__GB87 |           1|       427|
|89    |RAM_Module__GB88 |           1|      1190|
|90    |RAM_Module__GB89 |           1|       550|
|91    |RAM_Module__GB90 |           1|       534|
|92    |RAM_Module__GB91 |           1|       755|
|93    |RAM_Module__GB92 |           1|       700|
|94    |RAM_Module__GB93 |           1|       903|
|95    |RAM_Module__GB94 |           1|      1600|
|96    |RAM_Module__GB95 |           1|       422|
|97    |RAM_Module__GB96 |           1|       564|
|98    |RAM_Module__GB97 |           1|       745|
+------+-----------------+------------+----------+
Finished Parallel Synthesis Optimization  : Time (s): cpu = 00:08:27 ; elapsed = 00:25:18 . Memory (MB): peak = 1755.066 ; gain = 1579.082
---------------------------------------------------------------------------------
Start Timing Optimization
---------------------------------------------------------------------------------
---------------------------------------------------------------------------------
Start Applying XDC Timing Constraints
---------------------------------------------------------------------------------
---------------------------------------------------------------------------------
Finished Applying XDC Timing Constraints : Time (s): cpu = 00:08:47 ; elapsed = 00:25:50 . Memory (MB): peak = 1887.281 ; gain = 1711.297
---------------------------------------------------------------------------------
---------------------------------------------------------------------------------
Finished Timing Optimization : Time (s): cpu = 00:08:48 ; elapsed = 00:25:52 . Memory (MB): peak = 1890.285 ; gain = 1714.301
---------------------------------------------------------------------------------

Report RTL Partitions: 
+------+-----------------+------------+----------+
|      |RTL Partition    |Replication |Instances |
+------+-----------------+------------+----------+
|1     |RAM_Module__GB0  |           1|     24910|
|2     |RAM_Module__GB1  |           1|      8987|
|3     |RAM_Module__GB2  |           1|       399|
|4     |RAM_Module__GB3  |           1|       426|
|5     |RAM_Module__GB4  |           1|       674|
|6     |RAM_Module__GB5  |           1|       790|
|7     |RAM_Module__GB6  |           1|       922|
|8     |RAM_Module__GB7  |           1|      1573|
|9     |RAM_Module__GB8  |           1|       893|
|10    |RAM_Module__GB9  |           1|      1396|
|11    |RAM_Module__GB10 |           1|      1266|
|12    |RAM_Module__GB11 |           1|      1356|
|13    |RAM_Module__GB12 |           1|      1441|
|14    |RAM_Module__GB13 |           1|       452|
|15    |RAM_Module__GB14 |           1|       641|
|16    |RAM_Module__GB15 |           1|       630|
|17    |RAM_Module__GB16 |           1|      1470|
|18    |RAM_Module__GB17 |           1|       443|
|19    |RAM_Module__GB18 |           1|       669|
|20    |RAM_Module__GB19 |           1|       637|
|21    |RAM_Module__GB20 |           1|       830|
|22    |RAM_Module__GB21 |           1|      1848|
|23    |RAM_Module__GB22 |           1|       523|
|24    |RAM_Module__GB23 |           1|       609|
|25    |RAM_Module__GB24 |           1|      1370|
|26    |RAM_Module__GB25 |           1|       436|
|27    |RAM_Module__GB26 |           1|       569|
|28    |RAM_Module__GB27 |           1|       636|
|29    |RAM_Module__GB28 |           1|       835|
|30    |RAM_Module__GB29 |           1|      1650|
|31    |RAM_Module__GB30 |           1|       661|
|32    |RAM_Module__GB31 |           1|      1658|
|33    |RAM_Module__GB32 |           1|       495|
|34    |RAM_Module__GB33 |           1|      1448|
|35    |RAM_Module__GB34 |           1|       438|
|36    |RAM_Module__GB35 |           1|      1742|
|37    |RAM_Module__GB36 |           1|      1853|
|38    |RAM_Module__GB37 |           1|      1563|
|39    |RAM_Module__GB38 |           1|       560|
|40    |RAM_Module__GB39 |           1|       918|
|41    |RAM_Module__GB40 |           1|       744|
|42    |RAM_Module__GB41 |           1|       955|
|43    |RAM_Module__GB42 |           1|      1501|
|44    |RAM_Module__GB43 |           1|      1503|
|45    |RAM_Module__GB44 |           1|       498|
|46    |RAM_Module__GB45 |           1|       446|
|47    |RAM_Module__GB46 |           1|      1488|
|48    |RAM_Module__GB47 |           1|       372|
|49    |RAM_Module__GB48 |           1|       530|
|50    |RAM_Module__GB49 |           1|       697|
|51    |RAM_Module__GB50 |           1|       733|
|52    |RAM_Module__GB51 |           1|      1023|
|53    |RAM_Module__GB52 |           1|      1218|
|54    |RAM_Module__GB53 |           1|       387|
|55    |RAM_Module__GB54 |           1|       475|
|56    |RAM_Module__GB55 |           1|       510|
|57    |RAM_Module__GB56 |           1|       629|
|58    |RAM_Module__GB57 |           1|       850|
|59    |RAM_Module__GB58 |           1|       873|
|60    |RAM_Module__GB59 |           1|      1246|
|61    |RAM_Module__GB60 |           1|      1754|
|62    |RAM_Module__GB61 |           1|       773|
|63    |RAM_Module__GB62 |           1|      1406|
|64    |RAM_Module__GB63 |           1|       895|
|65    |RAM_Module__GB64 |           1|      1698|
|66    |RAM_Module__GB65 |           1|       486|
|67    |RAM_Module__GB66 |           1|      1537|
|68    |RAM_Module__GB67 |           1|      1401|
|69    |RAM_Module__GB68 |           1|      1458|
|70    |RAM_Module__GB69 |           1|       644|
|71    |RAM_Module__GB70 |           1|       817|
|72    |RAM_Module__GB71 |           1|       590|
|73    |RAM_Module__GB72 |           1|       905|
|74    |RAM_Module__GB73 |           1|       633|
|75    |RAM_Module__GB74 |           1|      1192|
|76    |RAM_Module__GB75 |           1|       485|
|77    |RAM_Module__GB76 |           1|      1269|
|78    |RAM_Module__GB77 |           1|       491|
|79    |RAM_Module__GB78 |           1|       512|
|80    |RAM_Module__GB79 |           1|       262|
|81    |RAM_Module__GB80 |           1|       760|
|82    |RAM_Module__GB81 |           1|       767|
|83    |RAM_Module__GB82 |           1|       835|
|84    |RAM_Module__GB83 |           1|       917|
|85    |RAM_Module__GB84 |           1|       364|
|86    |RAM_Module__GB85 |           1|      1085|
|87    |RAM_Module__GB86 |           1|       384|
|88    |RAM_Module__GB87 |           1|       427|
|89    |RAM_Module__GB88 |           1|      1190|
|90    |RAM_Module__GB89 |           1|       550|
|91    |RAM_Module__GB90 |           1|       534|
|92    |RAM_Module__GB91 |           1|       755|
|93    |RAM_Module__GB92 |           1|       700|
|94    |RAM_Module__GB93 |           1|       903|
|95    |RAM_Module__GB94 |           1|      1600|
|96    |RAM_Module__GB95 |           1|       422|
|97    |RAM_Module__GB96 |           1|       564|
|98    |RAM_Module__GB97 |           1|       745|
+------+-----------------+------------+----------+
---------------------------------------------------------------------------------
Start Technology Mapping
---------------------------------------------------------------------------------
---------------------------------------------------------------------------------
Finished Technology Mapping : Time (s): cpu = 00:11:13 ; elapsed = 00:28:49 . Memory (MB): peak = 2148.707 ; gain = 1972.723
---------------------------------------------------------------------------------

Report RTL Partitions: 
+-+--------------+------------+----------+
| |RTL Partition |Replication |Instances |
+-+--------------+------------+----------+
+-+--------------+------------+----------+
---------------------------------------------------------------------------------
Start IO Insertion
---------------------------------------------------------------------------------
---------------------------------------------------------------------------------
Start Final Netlist Cleanup
---------------------------------------------------------------------------------
---------------------------------------------------------------------------------
Finished Final Netlist Cleanup
---------------------------------------------------------------------------------
---------------------------------------------------------------------------------
Finished IO Insertion : Time (s): cpu = 00:11:34 ; elapsed = 00:29:11 . Memory (MB): peak = 2148.707 ; gain = 1972.723
---------------------------------------------------------------------------------

Report Check Netlist: 
+------+------------------+-------+---------+-------+------------------+
|      |Item              |Errors |Warnings |Status |Description       |
+------+------------------+-------+---------+-------+------------------+
|1     |multi_driven_nets |      0|        0|Passed |Multi driven nets |
+------+------------------+-------+---------+-------+------------------+
---------------------------------------------------------------------------------
Start Renaming Generated Instances
---------------------------------------------------------------------------------
---------------------------------------------------------------------------------
Finished Renaming Generated Instances : Time (s): cpu = 00:11:34 ; elapsed = 00:29:12 . Memory (MB): peak = 2148.707 ; gain = 1972.723
---------------------------------------------------------------------------------

Report RTL Partitions: 
+-+--------------+------------+----------+
| |RTL Partition |Replication |Instances |
+-+--------------+------------+----------+
+-+--------------+------------+----------+
---------------------------------------------------------------------------------
Start Writing Synthesis Report
---------------------------------------------------------------------------------

Report BlackBoxes: 
+-+--------------+----------+
| |BlackBox name |Instances |
+-+--------------+----------+
+-+--------------+----------+

Report Cell Usage: 
+------+------+------+
|      |Cell  |Count |
+------+------+------+
|1     |BUFG  |     1|
|2     |LUT1  |     1|
|3     |LUT2  |   202|
|4     |LUT3  |  1492|
|5     |LUT4  |  6438|
|6     |LUT5  |  2774|
|7     |LUT6  | 25551|
|8     |MUXF7 |  4349|
|9     |MUXF8 |  1696|
|10    |FDRE  |  8224|
|11    |IBUF  |    45|
|12    |OBUF  |    32|
+------+------+------+

Report Instance Areas: 
+------+---------+-------+------+
|      |Instance |Module |Cells |
+------+---------+-------+------+
|1     |top      |       | 50805|
+------+---------+-------+------+
---------------------------------------------------------------------------------
Finished Writing Synthesis Report : Time (s): cpu = 00:12:29 ; elapsed = 00:30:07 . Memory (MB): peak = 2148.707 ; gain = 1972.723
---------------------------------------------------------------------------------
Synthesis finished with 0 errors, 0 critical warnings and 0 warnings.
Synthesis Optimization Runtime : Time (s): cpu = 00:11:16 ; elapsed = 00:31:02 . Memory (MB): peak = 2148.707 ; gain = 1639.895
Synthesis Optimization Complete : Time (s): cpu = 00:12:29 ; elapsed = 00:31:36 . Memory (MB): peak = 2148.707 ; gain = 1972.723
INFO: [Project 1-571] Translating synthesized netlist
INFO: [Netlist 29-17] Analyzing 45 Unisim elements for replacement
INFO: [Netlist 29-28] Unisim Transformation completed in 0 CPU seconds
WARNING: [Netlist 29-101] Netlist 'RAM_Module' is not ideal for floorplanning, since the cellview 'RAM_Module' contains a large number of primitives.  Please consider enabling hierarchy in synthesis if you want to do floorplanning.
INFO: [Project 1-570] Preparing netlist for logic optimization
INFO: [Opt 31-138] Pushed 0 inverter(s) to 0 load pin(s).
INFO: [Project 1-111] Unisim Transformation Summary:
No Unisim elements were transformed.

INFO: [Common 17-83] Releasing license: Synthesis
127 Infos, 1 Warnings, 0 Critical Warnings and 0 Errors encountered.
synth_design completed successfully
synth_design: Time (s): cpu = 00:12:45 ; elapsed = 00:32:48 . Memory (MB): peak = 2148.707 ; gain = 1958.563
write_checkpoint: Time (s): cpu = 00:00:13 ; elapsed = 00:00:13 . Memory (MB): peak = 2148.707 ; gain = 0.000
report_utilization: Time (s): cpu = 00:00:01 ; elapsed = 00:00:01 . Memory (MB): peak = 2148.707 ; gain = 0.000
INFO: [Common 17-206] Exiting Vivado at Wed May 30 20:24:44 2018...
